<?xml version="1.0" encoding="UTF-8"?>
<!-- Generated by org.testng.reporters.JUnitReportReporter -->
<testsuite hostname="sushils-MacBook-Air.local" failures="0" tests="1" name="com.object.base.Rough" time="0.074" errors="0" timestamp="12 Nov 2020 06:10:33 GMT" skipped="0">
  <testcase classname="com.object.base.Rough" name="test1" time="0.074"/>
</testsuite> <!-- com.object.base.Rough -->
